

*******************************************************************************
Mon Mar 28 23:15:04 2022


FIT:    data read from 'salida_inserccion.dat'
        format = z
        #datapoints = 26
        residuals are weighted equally (unit weight)

function used for fitting: f(x)
	f(x)=a0*x*x+a1*x+a2
fitted parameters initialized with current variable values

iter      chisq       delta/lim  lambda   a0            a1            a2           
   0 9.2414297529e+21   0.00e+00  1.09e+10    1.000000e+00   1.000000e+00   1.000000e+00
  14 2.6474728599e-02  -7.85e-08  1.09e-04    8.896731e-10   3.398373e-07  -1.299703e-02

After 14 iterations the fit converged.
final sum of squares of residuals : 0.0264747
rel. change during last iteration : -7.84712e-13

degrees of freedom    (FIT_NDF)                        : 23
rms of residuals      (FIT_STDFIT) = sqrt(WSSR/ndf)    : 0.0339275
variance of residuals (reduced chisquare) = WSSR/ndf   : 0.00115108

Final set of parameters            Asymptotic Standard Error
=======================            ==========================
a0              = 8.89673e-10      +/- 2.295e-12    (0.2579%)
a1              = 3.39837e-07      +/- 4.958e-07    (145.9%)
a2              = -0.012997        +/- 0.02265      (174.3%)

correlation matrix of the fit parameters:
                a0     a1     a2     
a0              1.000 
a1             -0.972  1.000 
a2              0.788 -0.893  1.000 


*******************************************************************************
Mon Mar 28 23:28:06 2022


FIT:    data read from 'salida_quicksort.dat'
        format = z
        #datapoints = 26
        residuals are weighted equally (unit weight)

function used for fitting: f(x)
	f(x)=a0*x*log(a1*x)
fitted parameters initialized with current variable values

iter      chisq       delta/lim  lambda   a0            a1           
   0 6.4258308994e-03   0.00e+00  2.39e-04    8.896731e-10   3.398373e-07
1345 3.1140080503e-05  -1.36e-02  2.39e-02   -1.783777e-09   3.331907e-37

After 1345 iterations the fit converged.
final sum of squares of residuals : 3.11401e-05
rel. change during last iteration : -1.3648e-07

degrees of freedom    (FIT_NDF)                        : 24
rms of residuals      (FIT_STDFIT) = sqrt(WSSR/ndf)    : 0.00113908
variance of residuals (reduced chisquare) = WSSR/ndf   : 1.2975e-06

Final set of parameters            Asymptotic Standard Error
=======================            ==========================
a0              = -1.78378e-09     +/- 5.619e-09    (315%)
a1              = 3.33191e-37      +/- 3.72e-36     (0%)

correlation matrix of the fit parameters:
                a0     a1     
a0              1.000 
a1             -1.000  1.000 


*******************************************************************************
Mon Mar 28 23:42:00 2022


FIT:    data read from 'salida_floyd.dat'
        format = z
        #datapoints = 30
        residuals are weighted equally (unit weight)

function used for fitting: f(x)
	f(x)=a0*x*x*x+a1*x*x+a2*x+a3
fitted parameters initialized with current variable values

iter      chisq       delta/lim  lambda   a0            a1            a2            a3           
   0 1.1395680619e+04   0.00e+00  5.91e+00   -1.783777e-09   3.331907e-37  -1.299703e-02   1.000000e+00
BREAK: Singular matrix in Invert_RtR

*******************************************************************************
Mon Mar 28 23:42:20 2022


FIT:    data read from 'salida_floyd.dat'
        format = z
        #datapoints = 30
        residuals are weighted equally (unit weight)

function used for fitting: f(x)
	f(x)=a0*x*x*x+a1*x*x+a2*x+a3
fitted parameters initialized with current variable values

iter      chisq       delta/lim  lambda   a0            a1            a2            a3           
   0 1.8313513069e+01   0.00e+00  3.17e+00    4.676656e-09   3.331907e-37   6.849757e-04  -2.204928e-01
BREAK: Singular matrix in Invert_RtR

*******************************************************************************
Mon Mar 28 23:43:03 2022


FIT:    data read from 'salida_floyd.dat'
        format = z
        #datapoints = 30
        residuals are weighted equally (unit weight)

function used for fitting: g(x)
	g(x)=a0*x*x*x+a1*x*x+a2*x+a3
fitted parameters initialized with current variable values

iter      chisq       delta/lim  lambda   a0            a1            a2            a3           
   0 1.8313514963e+01   0.00e+00  3.17e+00    4.676722e-09   3.331907e-37   6.850331e-04  -2.206986e-01
BREAK: Singular matrix in Invert_RtR

*******************************************************************************
Mon Mar 28 23:53:47 2022


FIT:    data read from 'salida_floyd.dat'
        format = z
        #datapoints = 30
        residuals are weighted equally (unit weight)

function used for fitting: f(x)
	f(x)=a0*x*x*x+a1*x*x+a2*x+a3
fitted parameters initialized with current variable values

iter      chisq       delta/lim  lambda   a0            a1            a2            a3           
   0 1.8313517384e+01   0.00e+00  3.17e+00    4.676757e-09   3.331907e-37   6.851350e-04  -2.208925e-01
BREAK: Singular matrix in Invert_RtR

*******************************************************************************
Mon Mar 28 23:54:59 2022


FIT:    data read from 'salida_floyd.dat'
        format = z
        #datapoints = 30
        residuals are weighted equally (unit weight)

function used for fitting: f(x)
	f(x)=a0*x*x*x+a1*x*x+a2*x+a3
fitted parameters initialized with current variable values

iter      chisq       delta/lim  lambda   a0            a1            a2            a3           
   0 5.4785890825e+19   0.00e+00  6.75e+08    1.000000e+00   1.000000e+00   1.000000e+00   1.000000e+00
  12 1.6268959744e+01  -3.69e-04  6.75e-04    6.051287e-10   9.717065e-06  -5.669515e-03   7.164113e-01

After 12 iterations the fit converged.
final sum of squares of residuals : 16.269
rel. change during last iteration : -3.68591e-09

degrees of freedom    (FIT_NDF)                        : 26
rms of residuals      (FIT_STDFIT) = sqrt(WSSR/ndf)    : 0.79103
variance of residuals (reduced chisquare) = WSSR/ndf   : 0.625729

Final set of parameters            Asymptotic Standard Error
=======================            ==========================
a0              = 6.05129e-10      +/- 2.282e-09    (377.1%)
a1              = 9.71707e-06      +/- 5.376e-06    (55.32%)
a2              = -0.00566951      +/- 0.003617     (63.8%)
a3              = 0.716411         +/- 0.6581       (91.87%)

correlation matrix of the fit parameters:
                a0     a1     a2     a3     
a0              1.000 
a1             -0.987  1.000 
a2              0.924 -0.972  1.000 
a3             -0.709  0.787 -0.893  1.000 


*******************************************************************************
Mon Mar 28 23:58:36 2022


FIT:    data read from 'salida_hanoi.dat'
        format = z
        #datapoints = 29
        residuals are weighted equally (unit weight)

function used for fitting: f(x)
	f(x)=a0*2**(a1*x)
fitted parameters initialized with current variable values

iter      chisq       delta/lim  lambda   a0            a1           
   0 1.9028660939e+03   0.00e+00  4.28e-10    6.051287e-10   9.717065e-06

Current data point
=========================
#               = 1 out of 29
x               = 2.5614         
z               = 0              

Current set of parameters
=========================
a0              = 2.5614         
a1              = 217.71         

BREAK: Undefined value during function evaluation

*******************************************************************************
Tue Mar 29 00:02:55 2022


FIT:    data read from 'salida_hanoi.dat'
        format = z
        #datapoints = 29
        residuals are weighted equally (unit weight)

function used for fitting: f(x)
	f(x)=a0*2**(a1*x)
fitted parameters initialized with current variable values

iter      chisq       delta/lim  lambda   a0            a1           
   0 9.8382634194e+19   0.00e+00  2.99e+10    1.000000e+00   1.000000e+00
 594 7.9610049048e-04  -1.22e-02  2.99e-04    4.350514e-09   1.000478e+00

After 594 iterations the fit converged.
final sum of squares of residuals : 0.0007961
rel. change during last iteration : -1.22352e-07

degrees of freedom    (FIT_NDF)                        : 27
rms of residuals      (FIT_STDFIT) = sqrt(WSSR/ndf)    : 0.00543003
variance of residuals (reduced chisquare) = WSSR/ndf   : 2.94852e-05

Final set of parameters            Asymptotic Standard Error
=======================            ==========================
a0              = 4.35051e-09      +/- 2.627e-11    (0.6039%)
a1              = 1.00048          +/- 0.0002636    (0.02635%)

correlation matrix of the fit parameters:
                a0     a1     
a0              1.000 
a1             -1.000  1.000 


*******************************************************************************
Tue Mar 29 00:08:52 2022


FIT:    data read from 'salida_quicksort.dat'
        format = z
        #datapoints = 26
        residuals are weighted equally (unit weight)

function used for fitting: f(x)
	f(x)=a0*x*log(a1*x)
fitted parameters initialized with current variable values

iter      chisq       delta/lim  lambda   a0            a1           
   0 5.2519506345e+13   0.00e+00  1.01e+06    1.000000e+00   1.000000e+00
   5 2.7884148557e-05  -1.23e-08  1.01e+01    1.089126e-08   9.181370e-01

After 5 iterations the fit converged.
final sum of squares of residuals : 2.78841e-05
rel. change during last iteration : -1.22723e-13

degrees of freedom    (FIT_NDF)                        : 24
rms of residuals      (FIT_STDFIT) = sqrt(WSSR/ndf)    : 0.00107789
variance of residuals (reduced chisquare) = WSSR/ndf   : 1.16184e-06

Final set of parameters            Asymptotic Standard Error
=======================            ==========================
a0              = 1.08913e-08      +/- 5.317e-09    (48.82%)
a1              = 0.918137         +/- 5.297        (576.9%)

correlation matrix of the fit parameters:
                a0     a1     
a0              1.000 
a1             -1.000  1.000 


*******************************************************************************
Tue Mar 29 00:19:28 2022


FIT:    data read from 'salida_inserccion.dat'
        format = z
        #datapoints = 26
        residuals are weighted equally (unit weight)

function used for fitting: f(x)
	f(x)=a0*x*x+a1*x+a2
fitted parameters initialized with current variable values

iter      chisq       delta/lim  lambda   a0            a1            a2           
   0 9.2414297529e+21   0.00e+00  1.09e+10    1.000000e+00   1.000000e+00   1.000000e+00
  14 2.6474728599e-02  -7.85e-08  1.09e-04    8.896731e-10   3.398373e-07  -1.299703e-02

After 14 iterations the fit converged.
final sum of squares of residuals : 0.0264747
rel. change during last iteration : -7.84712e-13

degrees of freedom    (FIT_NDF)                        : 23
rms of residuals      (FIT_STDFIT) = sqrt(WSSR/ndf)    : 0.0339275
variance of residuals (reduced chisquare) = WSSR/ndf   : 0.00115108

Final set of parameters            Asymptotic Standard Error
=======================            ==========================
a0              = 8.89673e-10      +/- 2.295e-12    (0.2579%)
a1              = 3.39837e-07      +/- 4.958e-07    (145.9%)
a2              = -0.012997        +/- 0.02265      (174.3%)

correlation matrix of the fit parameters:
                a0     a1     a2     
a0              1.000 
a1             -0.972  1.000 
a2              0.788 -0.893  1.000 
